# JRE version: OpenJDK Runtime Environment Corretto-18.0.2.9.1 (18.0.2+9) (build 18.0.2+9-FR)
# Java VM: OpenJDK 64-Bit Server VM Corretto-18.0.2.9.1 (18.0.2+9-FR, mixed mode, sharing, tiered, compressed oops, compressed class ptrs, g1 gc, windows-amd64)
GC Precious Log:
 CardTable entry size: 512
 Card Set container configuration: InlinePtr #cards 4 size 8 Array Of Cards #cards 16 size 48 Howl #buckets 8 coarsen threshold 3686 Howl Bitmap #cards 512 size 80 coarsen threshold 460 Card regions per heap region 1 cards per card region 4096
 CPUs: 12 total, 12 available
 Memory: 16163M
 Large Page Support: Disabled
 NUMA Support: Disabled
 Compressed Oops: Enabled (Zero based)
 Heap Region Size: 2M
 Heap Min Capacity: 8M
 Heap Initial Capacity: 254M
 Heap Max Capacity: 4042M
 Pre-touch: Disabled
 Parallel Workers: 10
 Concurrent Workers: 3
 Concurrent Refinement Workers: 10
 Periodic GC: Disabled
Heap:
 garbage-first heap   total 186368K, used 129686K [0x0000000703600000, 0x0000000800000000)
  region size 2048K, 32 young (65536K), 4 survivors (8192K)
 Metaspace       used 86503K, committed 87488K, reserved 1179648K
  class space    used 10285K, committed 10752K, reserved 1048576K
GC Heap History (20 events):
Event: 24.630 GC heap before
{Heap before GC invocations=43 (full 0):
 garbage-first heap   total 186368K, used 137167K [0x0000000703600000, 0x0000000800000000)
  region size 2048K, 35 young (71680K), 1 survivors (2048K)
 Metaspace       used 85924K, committed 86912K, reserved 1179648K
  class space    used 10282K, committed 10752K, reserved 1048576K
}
Event: 24.632 GC heap after
{Heap after GC invocations=44 (full 0):
 garbage-first heap   total 186368K, used 69953K [0x0000000703600000, 0x0000000800000000)
  region size 2048K, 2 young (4096K), 2 survivors (4096K)
 Metaspace       used 85924K, committed 86912K, reserved 1179648K
  class space    used 10282K, committed 10752K, reserved 1048576K
}
Event: 25.664 GC heap before
{Heap before GC invocations=44 (full 0):
 garbage-first heap   total 186368K, used 143681K [0x0000000703600000, 0x0000000800000000)
  region size 2048K, 38 young (77824K), 2 survivors (4096K)
 Metaspace       used 86127K, committed 87104K, reserved 1179648K
  class space    used 10282K, committed 10752K, reserved 1048576K
}
Event: 25.667 GC heap after
{Heap after GC invocations=45 (full 0):
 garbage-first heap   total 186368K, used 72656K [0x0000000703600000, 0x0000000800000000)
  region size 2048K, 3 young (6144K), 3 survivors (6144K)
 Metaspace       used 86127K, committed 87104K, reserved 1179648K
  class space    used 10282K, committed 10752K, reserved 1048576K
}
Event: 29.723 GC heap before
{Heap before GC invocations=45 (full 0):
 garbage-first heap   total 186368K, used 146384K [0x0000000703600000, 0x0000000800000000)
  region size 2048K, 39 young (79872K), 3 survivors (6144K)
 Metaspace       used 86172K, committed 87104K, reserved 1179648K
  class space    used 10282K, committed 10752K, reserved 1048576K
}
Event: 29.727 GC heap after
{Heap after GC invocations=46 (full 0):
 garbage-first heap   total 186368K, used 74274K [0x0000000703600000, 0x0000000800000000)
  region size 2048K, 4 young (8192K), 4 survivors (8192K)
 Metaspace       used 86172K, committed 87104K, reserved 1179648K
  class space    used 10282K, committed 10752K, reserved 1048576K
}
Event: 31.254 GC heap before
{Heap before GC invocations=46 (full 0):
 garbage-first heap   total 186368K, used 145954K [0x0000000703600000, 0x0000000800000000)
  region size 2048K, 39 young (79872K), 4 survivors (8192K)
 Metaspace       used 86230K, committed 87232K, reserved 1179648K
  class space    used 10282K, committed 10752K, reserved 1048576K
}
Event: 31.256 GC heap after
{Heap after GC invocations=47 (full 0):
 garbage-first heap   total 186368K, used 69734K [0x0000000703600000, 0x0000000800000000)
  region size 2048K, 2 young (4096K), 2 survivors (4096K)
 Metaspace       used 86230K, committed 87232K, reserved 1179648K
  class space    used 10282K, committed 10752K, reserved 1048576K
}
Event: 36.828 GC heap before
{Heap before GC invocations=47 (full 0):
 garbage-first heap   total 186368K, used 147558K [0x0000000703600000, 0x0000000800000000)
  region size 2048K, 40 young (81920K), 2 survivors (4096K)
 Metaspace       used 86251K, committed 87232K, reserved 1179648K
  class space    used 10283K, committed 10752K, reserved 1048576K
}
Event: 36.830 GC heap after
{Heap after GC invocations=48 (full 0):
 garbage-first heap   total 186368K, used 73530K [0x0000000703600000, 0x0000000800000000)
  region size 2048K, 4 young (8192K), 4 survivors (8192K)
 Metaspace       used 86251K, committed 87232K, reserved 1179648K
  class space    used 10283K, committed 10752K, reserved 1048576K
}
Event: 44.919 GC heap before
{Heap before GC invocations=48 (full 0):
 garbage-first heap   total 186368K, used 145210K [0x0000000703600000, 0x0000000800000000)
  region size 2048K, 39 young (79872K), 4 survivors (8192K)
 Metaspace       used 86342K, committed 87296K, reserved 1179648K
  class space    used 10283K, committed 10752K, reserved 1048576K
}
Event: 44.922 GC heap after
{Heap after GC invocations=49 (full 0):
 garbage-first heap   total 186368K, used 73460K [0x0000000703600000, 0x0000000800000000)
  region size 2048K, 3 young (6144K), 3 survivors (6144K)
 Metaspace       used 86342K, committed 87296K, reserved 1179648K
  class space    used 10283K, committed 10752K, reserved 1048576K
}
Event: 50.047 GC heap before
{Heap before GC invocations=49 (full 0):
 garbage-first heap   total 186368K, used 147188K [0x0000000703600000, 0x0000000800000000)
  region size 2048K, 39 young (79872K), 3 survivors (6144K)
 Metaspace       used 86437K, committed 87360K, reserved 1179648K
  class space    used 10283K, committed 10752K, reserved 1048576K
}
Event: 50.052 GC heap after
{Heap after GC invocations=50 (full 0):
 garbage-first heap   total 186368K, used 71702K [0x0000000703600000, 0x0000000800000000)
  region size 2048K, 3 young (6144K), 3 survivors (6144K)
 Metaspace       used 86437K, committed 87360K, reserved 1179648K
  class space    used 10283K, committed 10752K, reserved 1048576K
}
Event: 55.602 GC heap before
{Heap before GC invocations=50 (full 0):
 garbage-first heap   total 186368K, used 145430K [0x0000000703600000, 0x0000000800000000)
  region size 2048K, 39 young (79872K), 3 survivors (6144K)
 Metaspace       used 86455K, committed 87424K, reserved 1179648K
  class space    used 10284K, committed 10752K, reserved 1048576K
}
Event: 55.604 GC heap after
{Heap after GC invocations=51 (full 0):
 garbage-first heap   total 186368K, used 68843K [0x0000000703600000, 0x0000000800000000)
  region size 2048K, 1 young (2048K), 1 survivors (2048K)
 Metaspace       used 86455K, committed 87424K, reserved 1179648K
  class space    used 10284K, committed 10752K, reserved 1048576K
}
Event: 60.565 GC heap before
{Heap before GC invocations=51 (full 0):
 garbage-first heap   total 186368K, used 148715K [0x0000000703600000, 0x0000000800000000)
  region size 2048K, 41 young (83968K), 1 survivors (2048K)
 Metaspace       used 86485K, committed 87488K, reserved 1179648K
  class space    used 10284K, committed 10752K, reserved 1048576K
}
Event: 60.569 GC heap after
{Heap after GC invocations=52 (full 0):
 garbage-first heap   total 186368K, used 73101K [0x0000000703600000, 0x0000000800000000)
  region size 2048K, 3 young (6144K), 3 survivors (6144K)
 Metaspace       used 86485K, committed 87488K, reserved 1179648K
  class space    used 10284K, committed 10752K, reserved 1048576K
}
Event: 62.624 GC heap before
{Heap before GC invocations=52 (full 0):
 garbage-first heap   total 186368K, used 148877K [0x0000000703600000, 0x0000000800000000)
  region size 2048K, 40 young (81920K), 3 survivors (6144K)
 Metaspace       used 86497K, committed 87488K, reserved 1179648K
  class space    used 10284K, committed 10752K, reserved 1048576K
}
Event: 62.627 GC heap after
{Heap after GC invocations=53 (full 0):
 garbage-first heap   total 186368K, used 74390K [0x0000000703600000, 0x0000000800000000)
  region size 2048K, 4 young (8192K), 4 survivors (8192K)
 Metaspace       used 86497K, committed 87488K, reserved 1179648K
  class space    used 10284K, committed 10752K, reserved 1048576K
}

