# JRE version: OpenJDK Runtime Environment Corretto-18.0.2.9.1 (18.0.2+9) (build 18.0.2+9-FR)
# Java VM: OpenJDK 64-Bit Server VM Corretto-18.0.2.9.1 (18.0.2+9-FR, mixed mode, sharing, tiered, compressed oops, compressed class ptrs, g1 gc, windows-amd64)
GC Precious Log:
 CardTable entry size: 512
 Card Set container configuration: InlinePtr #cards 4 size 8 Array Of Cards #cards 16 size 48 Howl #buckets 8 coarsen threshold 3686 Howl Bitmap #cards 512 size 80 coarsen threshold 460 Card regions per heap region 1 cards per card region 4096
 CPUs: 12 total, 12 available
 Memory: 16163M
 Large Page Support: Disabled
 NUMA Support: Disabled
 Compressed Oops: Enabled (Zero based)
 Heap Region Size: 2M
 Heap Min Capacity: 8M
 Heap Initial Capacity: 254M
 Heap Max Capacity: 4042M
 Pre-touch: Disabled
 Parallel Workers: 10
 Concurrent Workers: 3
 Concurrent Refinement Workers: 10
 Periodic GC: Disabled
Heap:
 garbage-first heap   total 180224K, used 97738K [0x0000000703600000, 0x0000000800000000)
  region size 2048K, 20 young (40960K), 1 survivors (2048K)
 Metaspace       used 86183K, committed 87168K, reserved 1179648K
  class space    used 10283K, committed 10752K, reserved 1048576K
GC Heap History (20 events):
Event: 8.254 GC heap before
{Heap before GC invocations=17 (full 0):
 garbage-first heap   total 90112K, used 69533K [0x0000000703600000, 0x0000000800000000)
  region size 2048K, 18 young (36864K), 1 survivors (2048K)
 Metaspace       used 63280K, committed 63744K, reserved 1114112K
  class space    used 7982K, committed 8192K, reserved 1048576K
}
Event: 8.256 GC heap after
{Heap after GC invocations=18 (full 0):
 garbage-first heap   total 180224K, used 35196K [0x0000000703600000, 0x0000000800000000)
  region size 2048K, 2 young (4096K), 2 survivors (4096K)
 Metaspace       used 63280K, committed 63744K, reserved 1114112K
  class space    used 7982K, committed 8192K, reserved 1048576K
}
Event: 11.005 GC heap before
{Heap before GC invocations=18 (full 0):
 garbage-first heap   total 180224K, used 131452K [0x0000000703600000, 0x0000000800000000)
  region size 2048K, 49 young (100352K), 2 survivors (4096K)
 Metaspace       used 70719K, committed 71296K, reserved 1114112K
  class space    used 8898K, committed 9152K, reserved 1048576K
}
Event: 11.011 GC heap after
{Heap after GC invocations=19 (full 0):
 garbage-first heap   total 180224K, used 47576K [0x0000000703600000, 0x0000000800000000)
  region size 2048K, 7 young (14336K), 7 survivors (14336K)
 Metaspace       used 70719K, committed 71296K, reserved 1114112K
  class space    used 8898K, committed 9152K, reserved 1048576K
}
Event: 15.461 GC heap before
{Heap before GC invocations=19 (full 0):
 garbage-first heap   total 180224K, used 129496K [0x0000000703600000, 0x0000000800000000)
  region size 2048K, 47 young (96256K), 7 survivors (14336K)
 Metaspace       used 78030K, committed 78784K, reserved 1179648K
  class space    used 9688K, committed 10048K, reserved 1048576K
}
Event: 15.469 GC heap after
{Heap after GC invocations=20 (full 0):
 garbage-first heap   total 180224K, used 58077K [0x0000000703600000, 0x0000000800000000)
  region size 2048K, 6 young (12288K), 6 survivors (12288K)
 Metaspace       used 78030K, committed 78784K, reserved 1179648K
  class space    used 9688K, committed 10048K, reserved 1048576K
}
Event: 18.931 GC heap before
{Heap before GC invocations=20 (full 0):
 garbage-first heap   total 180224K, used 131805K [0x0000000703600000, 0x0000000800000000)
  region size 2048K, 42 young (86016K), 6 survivors (12288K)
 Metaspace       used 82368K, committed 83264K, reserved 1179648K
  class space    used 10164K, committed 10624K, reserved 1048576K
}
Event: 18.938 GC heap after
{Heap after GC invocations=21 (full 0):
 garbage-first heap   total 180224K, used 64663K [0x0000000703600000, 0x0000000800000000)
  region size 2048K, 6 young (12288K), 6 survivors (12288K)
 Metaspace       used 82368K, committed 83264K, reserved 1179648K
  class space    used 10164K, committed 10624K, reserved 1048576K
}
Event: 23.829 GC heap before
{Heap before GC invocations=21 (full 0):
 garbage-first heap   total 180224K, used 130199K [0x0000000703600000, 0x0000000800000000)
  region size 2048K, 39 young (79872K), 6 survivors (12288K)
 Metaspace       used 84445K, committed 85440K, reserved 1179648K
  class space    used 10259K, committed 10752K, reserved 1048576K
}
Event: 23.835 GC heap after
{Heap after GC invocations=22 (full 0):
 garbage-first heap   total 180224K, used 65441K [0x0000000703600000, 0x0000000800000000)
  region size 2048K, 4 young (8192K), 4 survivors (8192K)
 Metaspace       used 84445K, committed 85440K, reserved 1179648K
  class space    used 10259K, committed 10752K, reserved 1048576K
}
Event: 25.107 GC heap before
{Heap before GC invocations=22 (full 0):
 garbage-first heap   total 180224K, used 130977K [0x0000000703600000, 0x0000000800000000)
  region size 2048K, 37 young (75776K), 4 survivors (8192K)
 Metaspace       used 85466K, committed 86464K, reserved 1179648K
  class space    used 10277K, committed 10752K, reserved 1048576K
}
Event: 25.111 GC heap after
{Heap after GC invocations=23 (full 0):
 garbage-first heap   total 180224K, used 62657K [0x0000000703600000, 0x0000000800000000)
  region size 2048K, 2 young (4096K), 2 survivors (4096K)
 Metaspace       used 85466K, committed 86464K, reserved 1179648K
  class space    used 10277K, committed 10752K, reserved 1048576K
}
Event: 28.181 GC heap before
{Heap before GC invocations=23 (full 0):
 garbage-first heap   total 180224K, used 136385K [0x0000000703600000, 0x0000000800000000)
  region size 2048K, 38 young (77824K), 2 survivors (4096K)
 Metaspace       used 85957K, committed 86912K, reserved 1179648K
  class space    used 10277K, committed 10752K, reserved 1048576K
}
Event: 28.184 GC heap after
{Heap after GC invocations=24 (full 0):
 garbage-first heap   total 180224K, used 66201K [0x0000000703600000, 0x0000000800000000)
  region size 2048K, 4 young (8192K), 4 survivors (8192K)
 Metaspace       used 85957K, committed 86912K, reserved 1179648K
  class space    used 10277K, committed 10752K, reserved 1048576K
}
Event: 30.171 GC heap before
{Heap before GC invocations=24 (full 0):
 garbage-first heap   total 180224K, used 137881K [0x0000000703600000, 0x0000000800000000)
  region size 2048K, 39 young (79872K), 4 survivors (8192K)
 Metaspace       used 86076K, committed 87040K, reserved 1179648K
  class space    used 10282K, committed 10752K, reserved 1048576K
}
Event: 30.173 GC heap after
{Heap after GC invocations=25 (full 0):
 garbage-first heap   total 180224K, used 64818K [0x0000000703600000, 0x0000000800000000)
  region size 2048K, 3 young (6144K), 3 survivors (6144K)
 Metaspace       used 86076K, committed 87040K, reserved 1179648K
  class space    used 10282K, committed 10752K, reserved 1048576K
}
Event: 32.757 GC heap before
{Heap before GC invocations=25 (full 0):
 garbage-first heap   total 180224K, used 136498K [0x0000000703600000, 0x0000000800000000)
  region size 2048K, 39 young (79872K), 3 survivors (6144K)
 Metaspace       used 86109K, committed 87040K, reserved 1179648K
  class space    used 10282K, committed 10752K, reserved 1048576K
}
Event: 32.758 GC heap after
{Heap after GC invocations=26 (full 0):
 garbage-first heap   total 180224K, used 60895K [0x0000000703600000, 0x0000000800000000)
  region size 2048K, 1 young (2048K), 1 survivors (2048K)
 Metaspace       used 86109K, committed 87040K, reserved 1179648K
  class space    used 10282K, committed 10752K, reserved 1048576K
}
Event: 35.487 GC heap before
{Heap before GC invocations=26 (full 0):
 garbage-first heap   total 180224K, used 140767K [0x0000000703600000, 0x0000000800000000)
  region size 2048K, 40 young (81920K), 1 survivors (2048K)
 Metaspace       used 86162K, committed 87104K, reserved 1179648K
  class space    used 10283K, committed 10752K, reserved 1048576K
}
Event: 35.488 GC heap after
{Heap after GC invocations=27 (full 0):
 garbage-first heap   total 180224K, used 60874K [0x0000000703600000, 0x0000000800000000)
  region size 2048K, 1 young (2048K), 1 survivors (2048K)
 Metaspace       used 86162K, committed 87104K, reserved 1179648K
  class space    used 10283K, committed 10752K, reserved 1048576K
}

