# JRE version: OpenJDK Runtime Environment Corretto-18.0.2.9.1 (18.0.2+9) (build 18.0.2+9-FR)
# Java VM: OpenJDK 64-Bit Server VM Corretto-18.0.2.9.1 (18.0.2+9-FR, mixed mode, sharing, tiered, compressed oops, compressed class ptrs, g1 gc, windows-amd64)
GC Precious Log:
 CardTable entry size: 512
 Card Set container configuration: InlinePtr #cards 4 size 8 Array Of Cards #cards 16 size 48 Howl #buckets 8 coarsen threshold 3686 Howl Bitmap #cards 512 size 80 coarsen threshold 460 Card regions per heap region 1 cards per card region 4096
 CPUs: 12 total, 12 available
 Memory: 16163M
 Large Page Support: Disabled
 NUMA Support: Disabled
 Compressed Oops: Enabled (Zero based)
 Heap Region Size: 2M
 Heap Min Capacity: 8M
 Heap Initial Capacity: 254M
 Heap Max Capacity: 4042M
 Pre-touch: Disabled
 Parallel Workers: 10
 Concurrent Workers: 3
 Concurrent Refinement Workers: 10
 Periodic GC: Disabled
Heap:
 garbage-first heap   total 219136K, used 109095K [0x0000000703600000, 0x0000000800000000)
  region size 2048K, 24 young (49152K), 2 survivors (4096K)
 Metaspace       used 86334K, committed 87296K, reserved 1179648K
  class space    used 10284K, committed 10752K, reserved 1048576K
GC Heap History (20 events):
Event: 17.519 GC heap before
{Heap before GC invocations=31 (full 0):
 garbage-first heap   total 112640K, used 67467K [0x0000000703600000, 0x0000000800000000)
  region size 2048K, 3 young (6144K), 2 survivors (4096K)
 Metaspace       used 80519K, committed 81408K, reserved 1179648K
  class space    used 10015K, committed 10432K, reserved 1048576K
}
Event: 17.522 GC heap after
{Heap after GC invocations=32 (full 0):
 garbage-first heap   total 112640K, used 61330K [0x0000000703600000, 0x0000000800000000)
  region size 2048K, 1 young (2048K), 1 survivors (2048K)
 Metaspace       used 80519K, committed 81408K, reserved 1179648K
  class space    used 10015K, committed 10432K, reserved 1048576K
}
Event: 18.607 GC heap before
{Heap before GC invocations=32 (full 0):
 garbage-first heap   total 112640K, used 83858K [0x0000000703600000, 0x0000000800000000)
  region size 2048K, 12 young (24576K), 1 survivors (2048K)
 Metaspace       used 82175K, committed 83072K, reserved 1179648K
  class space    used 10133K, committed 10560K, reserved 1048576K
}
Event: 18.610 GC heap after
{Heap after GC invocations=33 (full 0):
 garbage-first heap   total 219136K, used 62816K [0x0000000703600000, 0x0000000800000000)
  region size 2048K, 2 young (4096K), 2 survivors (4096K)
 Metaspace       used 82175K, committed 83072K, reserved 1179648K
  class space    used 10133K, committed 10560K, reserved 1048576K
}
Event: 24.470 GC heap before
{Heap before GC invocations=33 (full 0):
 garbage-first heap   total 219136K, used 154976K [0x0000000703600000, 0x0000000800000000)
  region size 2048K, 47 young (96256K), 2 survivors (4096K)
 Metaspace       used 84163K, committed 85184K, reserved 1179648K
  class space    used 10252K, committed 10752K, reserved 1048576K
}
Event: 24.476 GC heap after
{Heap after GC invocations=34 (full 0):
 garbage-first heap   total 219136K, used 65454K [0x0000000703600000, 0x0000000800000000)
  region size 2048K, 3 young (6144K), 3 survivors (6144K)
 Metaspace       used 84163K, committed 85184K, reserved 1179648K
  class space    used 10252K, committed 10752K, reserved 1048576K
}
Event: 26.380 GC heap before
{Heap before GC invocations=34 (full 0):
 garbage-first heap   total 219136K, used 167854K [0x0000000703600000, 0x0000000800000000)
  region size 2048K, 53 young (108544K), 3 survivors (6144K)
 Metaspace       used 85305K, committed 86272K, reserved 1179648K
  class space    used 10259K, committed 10752K, reserved 1048576K
}
Event: 26.384 GC heap after
{Heap after GC invocations=35 (full 0):
 garbage-first heap   total 219136K, used 66896K [0x0000000703600000, 0x0000000800000000)
  region size 2048K, 4 young (8192K), 4 survivors (8192K)
 Metaspace       used 85305K, committed 86272K, reserved 1179648K
  class space    used 10259K, committed 10752K, reserved 1048576K
}
Event: 31.109 GC heap before
{Heap before GC invocations=35 (full 0):
 garbage-first heap   total 219136K, used 173392K [0x0000000703600000, 0x0000000800000000)
  region size 2048K, 56 young (114688K), 4 survivors (8192K)
 Metaspace       used 85994K, committed 86976K, reserved 1179648K
  class space    used 10276K, committed 10752K, reserved 1048576K
}
Event: 31.114 GC heap after
{Heap after GC invocations=36 (full 0):
 garbage-first heap   total 219136K, used 70764K [0x0000000703600000, 0x0000000800000000)
  region size 2048K, 6 young (12288K), 6 survivors (12288K)
 Metaspace       used 85994K, committed 86976K, reserved 1179648K
  class space    used 10276K, committed 10752K, reserved 1048576K
}
Event: 35.466 GC heap before
{Heap before GC invocations=36 (full 0):
 garbage-first heap   total 219136K, used 171116K [0x0000000703600000, 0x0000000800000000)
  region size 2048K, 55 young (112640K), 6 survivors (12288K)
 Metaspace       used 86108K, committed 87104K, reserved 1179648K
  class space    used 10280K, committed 10752K, reserved 1048576K
}
Event: 35.471 GC heap after
{Heap after GC invocations=37 (full 0):
 garbage-first heap   total 219136K, used 69396K [0x0000000703600000, 0x0000000800000000)
  region size 2048K, 3 young (6144K), 3 survivors (6144K)
 Metaspace       used 86108K, committed 87104K, reserved 1179648K
  class space    used 10280K, committed 10752K, reserved 1048576K
}
Event: 40.432 GC heap before
{Heap before GC invocations=37 (full 0):
 garbage-first heap   total 219136K, used 173844K [0x0000000703600000, 0x0000000800000000)
  region size 2048K, 54 young (110592K), 3 survivors (6144K)
 Metaspace       used 86163K, committed 87104K, reserved 1179648K
  class space    used 10281K, committed 10752K, reserved 1048576K
}
Event: 40.435 GC heap after
{Heap after GC invocations=38 (full 0):
 garbage-first heap   total 219136K, used 65154K [0x0000000703600000, 0x0000000800000000)
  region size 2048K, 1 young (2048K), 1 survivors (2048K)
 Metaspace       used 86163K, committed 87104K, reserved 1179648K
  class space    used 10281K, committed 10752K, reserved 1048576K
}
Event: 51.079 GC heap before
{Heap before GC invocations=38 (full 0):
 garbage-first heap   total 219136K, used 177794K [0x0000000703600000, 0x0000000800000000)
  region size 2048K, 56 young (114688K), 1 survivors (2048K)
 Metaspace       used 86280K, committed 87232K, reserved 1179648K
  class space    used 10281K, committed 10752K, reserved 1048576K
}
Event: 51.083 GC heap after
{Heap after GC invocations=39 (full 0):
 garbage-first heap   total 219136K, used 65534K [0x0000000703600000, 0x0000000800000000)
  region size 2048K, 1 young (2048K), 1 survivors (2048K)
 Metaspace       used 86280K, committed 87232K, reserved 1179648K
  class space    used 10281K, committed 10752K, reserved 1048576K
}
Event: 55.790 GC heap before
{Heap before GC invocations=39 (full 0):
 garbage-first heap   total 219136K, used 180222K [0x0000000703600000, 0x0000000800000000)
  region size 2048K, 57 young (116736K), 1 survivors (2048K)
 Metaspace       used 86291K, committed 87232K, reserved 1179648K
  class space    used 10283K, committed 10752K, reserved 1048576K
}
Event: 55.793 GC heap after
{Heap after GC invocations=40 (full 0):
 garbage-first heap   total 219136K, used 67816K [0x0000000703600000, 0x0000000800000000)
  region size 2048K, 3 young (6144K), 3 survivors (6144K)
 Metaspace       used 86291K, committed 87232K, reserved 1179648K
  class space    used 10283K, committed 10752K, reserved 1048576K
}
Event: 63.345 GC heap before
{Heap before GC invocations=40 (full 0):
 garbage-first heap   total 219136K, used 178408K [0x0000000703600000, 0x0000000800000000)
  region size 2048K, 57 young (116736K), 3 survivors (6144K)
 Metaspace       used 86321K, committed 87296K, reserved 1179648K
  class space    used 10283K, committed 10752K, reserved 1048576K
}
Event: 63.349 GC heap after
{Heap after GC invocations=41 (full 0):
 garbage-first heap   total 219136K, used 66087K [0x0000000703600000, 0x0000000800000000)
  region size 2048K, 2 young (4096K), 2 survivors (4096K)
 Metaspace       used 86321K, committed 87296K, reserved 1179648K
  class space    used 10283K, committed 10752K, reserved 1048576K
}

